<?xml version="1.0" encoding="UTF-8" ?>
<testsuites>
<testsuite name="Multiplication" errors="0" tests="1" failures="0" time="0" timestamp="2021-01-08T12:56:09">
  <testcase classname="Multiplication" name="function should multiply the 2 numbers" time="0"></testcase>
</testsuite>
</testsuites>