<?xml version="1.0" encoding="UTF-8" ?>
<testsuites>
<testsuite name="Divisiont" errors="0" tests="1" failures="0" time="0" timestamp="2021-01-08T12:55:38">
  <testcase classname="Divisiont" name="function should multiply the 2 numbers" time="0"></testcase>
</testsuite>
</testsuites>