<?xml version="1.0" encoding="UTF-8" ?>
<testsuites>
<testsuite name="Division" errors="0" tests="1" failures="1" time="0.001" timestamp="2021-01-08T12:56:09">
  <testcase classname="Division" name="function should division the 2 numbers" time="0.001"><failure type="expect" message="Expected 2 to be 3.">Error: Expected 2 to be 3.
    at new jasmine.ExpectationResult (C:\Users\yogendraprataps\AppData\Roaming\npm\node_modules\jasmine-node\lib\jasmine-node/jasmine-1.3.1.js:114:32)
    at matchersClass.toBe (C:\Users\yogendraprataps\AppData\Roaming\npm\node_modules\jasmine-node\lib\jasmine-node/jasmine-1.3.1.js:1316:29)
    at jasmine.Spec.&amp;lt;anonymous&amp;gt; (C:\Users\yogendraprataps\node\nodejs-hello-world-master\spec\index.spec.js:27:23)
    at jasmine.Block.execute (C:\Users\yogendraprataps\AppData\Roaming\npm\node_modules\jasmine-node\lib\jasmine-node/jasmine-1.3.1.js:1145:17)
    at jasmine.Queue.next_ (C:\Users\yogendraprataps\AppData\Roaming\npm\node_modules\jasmine-node\lib\jasmine-node/jasmine-1.3.1.js:2177:31)
    at jasmine.Queue.start (C:\Users\yogendraprataps\AppData\Roaming\npm\node_modules\jasmine-node\lib\jasmine-node/jasmine-1.3.1.js:2130:8)
    at jasmine.Spec.execute (C:\Users\yogendraprataps\AppData\Roaming\npm\node_modules\jasmine-node\lib\jasmine-node/jasmine-1.3.1.js:2458:14)
    at jasmine.Queue.next_ (C:\Users\yogendraprataps\AppData\Roaming\npm\node_modules\jasmine-node\lib\jasmine-node/jasmine-1.3.1.js:2177:31)
    at jasmine.Queue.start (C:\Users\yogendraprataps\AppData\Roaming\npm\node_modules\jasmine-node\lib\jasmine-node/jasmine-1.3.1.js:2130:8)
    at jasmine.Suite.execute (C:\Users\yogendraprataps\AppData\Roaming\npm\node_modules\jasmine-node\lib\jasmine-node/jasmine-1.3.1.js:2604:14)</failure></testcase>
</testsuite>
</testsuites>