<?xml version="1.0" encoding="UTF-8" ?>
<testsuites>
<testsuite name="Addition" errors="0" tests="1" failures="0" time="0.006" timestamp="2021-01-08T12:56:09">
  <testcase classname="Addition" name="function should add the 2 numbers" time="0.004"></testcase>
</testsuite>
</testsuites>